Tue Aug 22 2023 9:28:38 } [PH] error: 🐱‍🏍 globalErrorHandler ~~ You are not authorized
Tue Aug 22 2023 9:29:48 } [PH] error: 🐱‍🏍 globalErrorHandler ~~ 
Invalid `prisma.student.update()` invocation:

{
  where: {
    id: "1dad55df-63b7-4774-8f00-1e1626974366"
  },
  include: {
    academicDepartment: true,
    academicFaculty: true,
    academicSemester: true
  },
  data: {
    roomNumber: "101",
    ~~~~~~~~~~
    floor: "1st",
    buildingId: "fd900d80-bc85-4620-8127-0b0181596de0",
?   id?: String | StringFieldUpdateOperationsInput,
?   studentId?: String | StringFieldUpdateOperationsInput,
?   firstName?: String | StringFieldUpdateOperationsInput,
?   lastName?: String | StringFieldUpdateOperationsInput,
?   middleName?: String | StringFieldUpdateOperationsInput,
?   profileImage?: String | StringFieldUpdateOperationsInput,
?   email?: String | StringFieldUpdateOperationsInput,
?   contactNo?: String | StringFieldUpdateOperationsInput,
?   gender?: String | StringFieldUpdateOperationsInput,
?   bloodGroup?: String | StringFieldUpdateOperationsInput,
?   createdAt?: DateTime | DateTimeFieldUpdateOperationsInput,
?   updatedAt?: DateTime | DateTimeFieldUpdateOperationsInput,
?   academicSemester?: AcademicSemesterUpdateOneRequiredWithoutStudentsNestedInput,
?   academicDepartment?: AcademicDepartmentUpdateOneRequiredWithoutStudentsNestedInput,
?   academicFaculty?: AcademicFacultyUpdateOneRequiredWithoutStudentsNestedInput
  }
}

Unknown argument `roomNumber`. Available options are listed in green.
Tue Aug 22 2023 9:45:28 } [PH] error: 🐱‍🏍 globalErrorHandler ~~ You are not authorized
